# JRE version: OpenJDK Runtime Environment Temurin-21.0.8+9 (21.0.8+9) (build 21.0.8+9-LTS)
# Java VM: OpenJDK 64-Bit Server VM Temurin-21.0.8+9 (21.0.8+9-LTS, mixed mode, sharing, tiered, compressed oops, compressed class ptrs, parallel gc, windows-amd64)
GC Precious Log:
 CardTable entry size: 512
 CPUs: 2 total, 2 available
 Memory: 3839M
 Large Page Support: Disabled
 NUMA Support: Disabled
 Compressed Oops: Enabled (32-bit)
 Alignments: Space 512K, Generation 512K, Heap 2M
 Heap Min Capacity: 100M
 Heap Initial Capacity: 100M
 Heap Max Capacity: 2G
 Pre-touch: Disabled
 Parallel Workers: 2
Heap:
 PSYoungGen      total 12800K, used 12291K [0x00000000d5580000, 0x00000000d6880000, 0x0000000100000000)
  eden space 6144K, 100% used [0x00000000d5580000,0x00000000d5b80000,0x00000000d5b80000)
  from space 6656K, 92% used [0x00000000d6200000,0x00000000d6800d48,0x00000000d6880000)
  to   space 6656K, 66% used [0x00000000d5b80000,0x00000000d5fdad78,0x00000000d6200000)
 ParOldGen       total 598016K, used 598015K [0x0000000080000000, 0x00000000a4800000, 0x00000000d5580000)
  object space 598016K, 99% used [0x0000000080000000,0x00000000a47fffd8,0x00000000a4800000)
 Metaspace       used 64458K, committed 65984K, reserved 1114112K
  class space    used 6767K, committed 7424K, reserved 1048576K
GC Heap History (20 events):
Event: 103.366 GC heap after
{Heap after GC invocations=1306 (full 3):
 PSYoungGen      total 7680K, used 2011K [0x00000000d5580000, 0x00000000d6080000, 0x0000000100000000)
  eden space 5632K, 0% used [0x00000000d5580000,0x00000000d5580000,0x00000000d5b00000)
  from space 2048K, 98% used [0x00000000d5b00000,0x00000000d5cf6e90,0x00000000d5d00000)
  to   space 2560K, 0% used [0x00000000d5e00000,0x00000000d5e00000,0x00000000d6080000)
 ParOldGen       total 570368K, used 569887K [0x0000000080000000, 0x00000000a2d00000, 0x00000000d5580000)
  object space 570368K, 99% used [0x0000000080000000,0x00000000a2c87f90,0x00000000a2d00000)
 Metaspace       used 64458K, committed 65984K, reserved 1114112K
  class space    used 6767K, committed 7424K, reserved 1048576K
}
Event: 103.387 GC heap before
{Heap before GC invocations=1307 (full 3):
 PSYoungGen      total 7680K, used 7643K [0x00000000d5580000, 0x00000000d6080000, 0x0000000100000000)
  eden space 5632K, 100% used [0x00000000d5580000,0x00000000d5b00000,0x00000000d5b00000)
  from space 2048K, 98% used [0x00000000d5b00000,0x00000000d5cf6e90,0x00000000d5d00000)
  to   space 2560K, 0% used [0x00000000d5e00000,0x00000000d5e00000,0x00000000d6080000)
 ParOldGen       total 570368K, used 569887K [0x0000000080000000, 0x00000000a2d00000, 0x00000000d5580000)
  object space 570368K, 99% used [0x0000000080000000,0x00000000a2c87f90,0x00000000a2d00000)
 Metaspace       used 64458K, committed 65984K, reserved 1114112K
  class space    used 6767K, committed 7424K, reserved 1048576K
}
Event: 103.391 GC heap after
{Heap after GC invocations=1307 (full 3):
 PSYoungGen      total 8192K, used 2324K [0x00000000d5580000, 0x00000000d6080000, 0x0000000100000000)
  eden space 5632K, 0% used [0x00000000d5580000,0x00000000d5580000,0x00000000d5b00000)
  from space 2560K, 90% used [0x00000000d5e00000,0x00000000d60451d8,0x00000000d6080000)
  to   space 2560K, 0% used [0x00000000d5b80000,0x00000000d5b80000,0x00000000d5e00000)
 ParOldGen       total 571904K, used 571850K [0x0000000080000000, 0x00000000a2e80000, 0x00000000d5580000)
  object space 571904K, 99% used [0x0000000080000000,0x00000000a2e728b8,0x00000000a2e80000)
 Metaspace       used 64458K, committed 65984K, reserved 1114112K
  class space    used 6767K, committed 7424K, reserved 1048576K
}
Event: 103.420 GC heap before
{Heap before GC invocations=1308 (full 3):
 PSYoungGen      total 8192K, used 7933K [0x00000000d5580000, 0x00000000d6080000, 0x0000000100000000)
  eden space 5632K, 99% used [0x00000000d5580000,0x00000000d5afa5f8,0x00000000d5b00000)
  from space 2560K, 90% used [0x00000000d5e00000,0x00000000d60451d8,0x00000000d6080000)
  to   space 2560K, 0% used [0x00000000d5b80000,0x00000000d5b80000,0x00000000d5e00000)
 ParOldGen       total 571904K, used 571850K [0x0000000080000000, 0x00000000a2e80000, 0x00000000d5580000)
  object space 571904K, 99% used [0x0000000080000000,0x00000000a2e728b8,0x00000000a2e80000)
 Metaspace       used 64458K, committed 65984K, reserved 1114112K
  class space    used 6767K, committed 7424K, reserved 1048576K
}
Event: 103.424 GC heap after
{Heap after GC invocations=1308 (full 3):
 PSYoungGen      total 8192K, used 2289K [0x00000000d5580000, 0x00000000d6000000, 0x0000000100000000)
  eden space 5632K, 0% used [0x00000000d5580000,0x00000000d5580000,0x00000000d5b00000)
  from space 2560K, 89% used [0x00000000d5b80000,0x00000000d5dbc7e0,0x00000000d5e00000)
  to   space 2048K, 0% used [0x00000000d5e00000,0x00000000d5e00000,0x00000000d6000000)
 ParOldGen       total 574464K, used 574167K [0x0000000080000000, 0x00000000a3100000, 0x00000000d5580000)
  object space 574464K, 99% used [0x0000000080000000,0x00000000a30b5e90,0x00000000a3100000)
 Metaspace       used 64458K, committed 65984K, reserved 1114112K
  class space    used 6767K, committed 7424K, reserved 1048576K
}
Event: 103.439 GC heap before
{Heap before GC invocations=1309 (full 3):
 PSYoungGen      total 8192K, used 7921K [0x00000000d5580000, 0x00000000d6000000, 0x0000000100000000)
  eden space 5632K, 100% used [0x00000000d5580000,0x00000000d5b00000,0x00000000d5b00000)
  from space 2560K, 89% used [0x00000000d5b80000,0x00000000d5dbc7e0,0x00000000d5e00000)
  to   space 2048K, 0% used [0x00000000d5e00000,0x00000000d5e00000,0x00000000d6000000)
 ParOldGen       total 574464K, used 574167K [0x0000000080000000, 0x00000000a3100000, 0x00000000d5580000)
  object space 574464K, 99% used [0x0000000080000000,0x00000000a30b5e90,0x00000000a3100000)
 Metaspace       used 64458K, committed 65984K, reserved 1114112K
  class space    used 6767K, committed 7424K, reserved 1048576K
}
Event: 103.446 GC heap after
{Heap after GC invocations=1309 (full 3):
 PSYoungGen      total 8192K, used 1977K [0x00000000d5580000, 0x00000000d6180000, 0x0000000100000000)
  eden space 6144K, 0% used [0x00000000d5580000,0x00000000d5580000,0x00000000d5b80000)
  from space 2048K, 96% used [0x00000000d5e00000,0x00000000d5fee6a0,0x00000000d6000000)
  to   space 2560K, 0% used [0x00000000d5b80000,0x00000000d5b80000,0x00000000d5e00000)
 ParOldGen       total 576512K, used 576404K [0x0000000080000000, 0x00000000a3300000, 0x00000000d5580000)
  object space 576512K, 99% used [0x0000000080000000,0x00000000a32e5120,0x00000000a3300000)
 Metaspace       used 64458K, committed 65984K, reserved 1114112K
  class space    used 6767K, committed 7424K, reserved 1048576K
}
Event: 103.500 GC heap before
{Heap before GC invocations=1310 (full 3):
 PSYoungGen      total 8192K, used 8121K [0x00000000d5580000, 0x00000000d6180000, 0x0000000100000000)
  eden space 6144K, 100% used [0x00000000d5580000,0x00000000d5b80000,0x00000000d5b80000)
  from space 2048K, 96% used [0x00000000d5e00000,0x00000000d5fee6a0,0x00000000d6000000)
  to   space 2560K, 0% used [0x00000000d5b80000,0x00000000d5b80000,0x00000000d5e00000)
 ParOldGen       total 576512K, used 576404K [0x0000000080000000, 0x00000000a3300000, 0x00000000d5580000)
  object space 576512K, 99% used [0x0000000080000000,0x00000000a32e5120,0x00000000a3300000)
 Metaspace       used 64458K, committed 65984K, reserved 1114112K
  class space    used 6767K, committed 7424K, reserved 1048576K
}
Event: 103.508 GC heap after
{Heap after GC invocations=1310 (full 3):
 PSYoungGen      total 8704K, used 2283K [0x00000000d5580000, 0x00000000d6080000, 0x0000000100000000)
  eden space 6144K, 0% used [0x00000000d5580000,0x00000000d5580000,0x00000000d5b80000)
  from space 2560K, 89% used [0x00000000d5b80000,0x00000000d5dbac38,0x00000000d5e00000)
  to   space 2560K, 0% used [0x00000000d5e00000,0x00000000d5e00000,0x00000000d6080000)
 ParOldGen       total 578560K, used 578281K [0x0000000080000000, 0x00000000a3500000, 0x00000000d5580000)
  object space 578560K, 99% used [0x0000000080000000,0x00000000a34ba600,0x00000000a3500000)
 Metaspace       used 64458K, committed 65984K, reserved 1114112K
  class space    used 6767K, committed 7424K, reserved 1048576K
}
Event: 103.557 GC heap before
{Heap before GC invocations=1311 (full 3):
 PSYoungGen      total 8704K, used 8363K [0x00000000d5580000, 0x00000000d6080000, 0x0000000100000000)
  eden space 6144K, 98% used [0x00000000d5580000,0x00000000d5b70240,0x00000000d5b80000)
  from space 2560K, 89% used [0x00000000d5b80000,0x00000000d5dbac38,0x00000000d5e00000)
  to   space 2560K, 0% used [0x00000000d5e00000,0x00000000d5e00000,0x00000000d6080000)
 ParOldGen       total 578560K, used 578281K [0x0000000080000000, 0x00000000a3500000, 0x00000000d5580000)
  object space 578560K, 99% used [0x0000000080000000,0x00000000a34ba600,0x00000000a3500000)
 Metaspace       used 64458K, committed 65984K, reserved 1114112K
  class space    used 6767K, committed 7424K, reserved 1048576K
}
Event: 103.566 GC heap after
{Heap after GC invocations=1311 (full 3):
 PSYoungGen      total 8704K, used 2148K [0x00000000d5580000, 0x00000000d6080000, 0x0000000100000000)
  eden space 6144K, 0% used [0x00000000d5580000,0x00000000d5580000,0x00000000d5b80000)
  from space 2560K, 83% used [0x00000000d5e00000,0x00000000d6019200,0x00000000d6080000)
  to   space 2560K, 0% used [0x00000000d5b80000,0x00000000d5b80000,0x00000000d5e00000)
 ParOldGen       total 580608K, used 580398K [0x0000000080000000, 0x00000000a3700000, 0x00000000d5580000)
  object space 580608K, 99% used [0x0000000080000000,0x00000000a36cb918,0x00000000a3700000)
 Metaspace       used 64458K, committed 65984K, reserved 1114112K
  class space    used 6767K, committed 7424K, reserved 1048576K
}
Event: 103.670 GC heap before
{Heap before GC invocations=1312 (full 3):
 PSYoungGen      total 8704K, used 8276K [0x00000000d5580000, 0x00000000d6080000, 0x0000000100000000)
  eden space 6144K, 99% used [0x00000000d5580000,0x00000000d5b7bf78,0x00000000d5b80000)
  from space 2560K, 83% used [0x00000000d5e00000,0x00000000d6019200,0x00000000d6080000)
  to   space 2560K, 0% used [0x00000000d5b80000,0x00000000d5b80000,0x00000000d5e00000)
 ParOldGen       total 580608K, used 580398K [0x0000000080000000, 0x00000000a3700000, 0x00000000d5580000)
  object space 580608K, 99% used [0x0000000080000000,0x00000000a36cb918,0x00000000a3700000)
 Metaspace       used 64458K, committed 65984K, reserved 1114112K
  class space    used 6767K, committed 7424K, reserved 1048576K
}
Event: 103.685 GC heap after
{Heap after GC invocations=1312 (full 3):
 PSYoungGen      total 8704K, used 2546K [0x00000000d5580000, 0x00000000d6980000, 0x0000000100000000)
  eden space 6144K, 0% used [0x00000000d5580000,0x00000000d5580000,0x00000000d5b80000)
  from space 2560K, 99% used [0x00000000d5b80000,0x00000000d5dfc800,0x00000000d5e00000)
  to   space 7168K, 0% used [0x00000000d6280000,0x00000000d6280000,0x00000000d6980000)
 ParOldGen       total 584192K, used 584121K [0x0000000080000000, 0x00000000a3a80000, 0x00000000d5580000)
  object space 584192K, 99% used [0x0000000080000000,0x00000000a3a6e6f0,0x00000000a3a80000)
 Metaspace       used 64458K, committed 65984K, reserved 1114112K
  class space    used 6767K, committed 7424K, reserved 1048576K
}
Event: 103.833 GC heap before
{Heap before GC invocations=1313 (full 3):
 PSYoungGen      total 8704K, used 8690K [0x00000000d5580000, 0x00000000d6980000, 0x0000000100000000)
  eden space 6144K, 100% used [0x00000000d5580000,0x00000000d5b80000,0x00000000d5b80000)
  from space 2560K, 99% used [0x00000000d5b80000,0x00000000d5dfc800,0x00000000d5e00000)
  to   space 7168K, 0% used [0x00000000d6280000,0x00000000d6280000,0x00000000d6980000)
 ParOldGen       total 584192K, used 584121K [0x0000000080000000, 0x00000000a3a80000, 0x00000000d5580000)
  object space 584192K, 99% used [0x0000000080000000,0x00000000a3a6e6f0,0x00000000a3a80000)
 Metaspace       used 64458K, committed 65984K, reserved 1114112K
  class space    used 6767K, committed 7424K, reserved 1048576K
}
Event: 103.853 GC heap after
{Heap after GC invocations=1313 (full 3):
 PSYoungGen      total 12288K, used 6077K [0x00000000d5580000, 0x00000000d6880000, 0x0000000100000000)
  eden space 6144K, 0% used [0x00000000d5580000,0x00000000d5580000,0x00000000d5b80000)
  from space 6144K, 98% used [0x00000000d6280000,0x00000000d686f680,0x00000000d6880000)
  to   space 6656K, 0% used [0x00000000d5b80000,0x00000000d5b80000,0x00000000d6200000)
 ParOldGen       total 586240K, used 585965K [0x0000000080000000, 0x00000000a3c80000, 0x00000000d5580000)
  object space 586240K, 99% used [0x0000000080000000,0x00000000a3c3b6c0,0x00000000a3c80000)
 Metaspace       used 64458K, committed 65984K, reserved 1114112K
  class space    used 6767K, committed 7424K, reserved 1048576K
}
Event: 103.997 GC heap before
{Heap before GC invocations=1314 (full 3):
 PSYoungGen      total 12288K, used 12221K [0x00000000d5580000, 0x00000000d6880000, 0x0000000100000000)
  eden space 6144K, 100% used [0x00000000d5580000,0x00000000d5b80000,0x00000000d5b80000)
  from space 6144K, 98% used [0x00000000d6280000,0x00000000d686f680,0x00000000d6880000)
  to   space 6656K, 0% used [0x00000000d5b80000,0x00000000d5b80000,0x00000000d6200000)
 ParOldGen       total 586240K, used 585965K [0x0000000080000000, 0x00000000a3c80000, 0x00000000d5580000)
  object space 586240K, 99% used [0x0000000080000000,0x00000000a3c3b6c0,0x00000000a3c80000)
 Metaspace       used 64458K, committed 65984K, reserved 1114112K
  class space    used 6767K, committed 7424K, reserved 1048576K
}
Event: 104.017 GC heap after
{Heap after GC invocations=1314 (full 3):
 PSYoungGen      total 12800K, used 6151K [0x00000000d5580000, 0x00000000d6880000, 0x0000000100000000)
  eden space 6144K, 0% used [0x00000000d5580000,0x00000000d5580000,0x00000000d5b80000)
  from space 6656K, 92% used [0x00000000d5b80000,0x00000000d6181cc0,0x00000000d6200000)
  to   space 6656K, 0% used [0x00000000d6200000,0x00000000d6200000,0x00000000d6880000)
 ParOldGen       total 591360K, used 591007K [0x0000000080000000, 0x00000000a4180000, 0x00000000d5580000)
  object space 591360K, 99% used [0x0000000080000000,0x00000000a4127c78,0x00000000a4180000)
 Metaspace       used 64458K, committed 65984K, reserved 1114112K
  class space    used 6767K, committed 7424K, reserved 1048576K
}
Event: 104.161 GC heap before
{Heap before GC invocations=1315 (full 3):
 PSYoungGen      total 12800K, used 12295K [0x00000000d5580000, 0x00000000d6880000, 0x0000000100000000)
  eden space 6144K, 100% used [0x00000000d5580000,0x00000000d5b80000,0x00000000d5b80000)
  from space 6656K, 92% used [0x00000000d5b80000,0x00000000d6181cc0,0x00000000d6200000)
  to   space 6656K, 0% used [0x00000000d6200000,0x00000000d6200000,0x00000000d6880000)
 ParOldGen       total 591360K, used 591007K [0x0000000080000000, 0x00000000a4180000, 0x00000000d5580000)
  object space 591360K, 99% used [0x0000000080000000,0x00000000a4127c78,0x00000000a4180000)
 Metaspace       used 64458K, committed 65984K, reserved 1114112K
  class space    used 6767K, committed 7424K, reserved 1048576K
}
Event: 104.182 GC heap after
{Heap after GC invocations=1315 (full 3):
 PSYoungGen      total 12800K, used 6147K [0x00000000d5580000, 0x00000000d6880000, 0x0000000100000000)
  eden space 6144K, 0% used [0x00000000d5580000,0x00000000d5580000,0x00000000d5b80000)
  from space 6656K, 92% used [0x00000000d6200000,0x00000000d6800d48,0x00000000d6880000)
  to   space 6656K, 0% used [0x00000000d5b80000,0x00000000d5b80000,0x00000000d6200000)
 ParOldGen       total 597504K, used 597070K [0x0000000080000000, 0x00000000a4780000, 0x00000000d5580000)
  object space 597504K, 99% used [0x0000000080000000,0x00000000a47138d0,0x00000000a4780000)
 Metaspace       used 64458K, committed 65984K, reserved 1114112K
  class space    used 6767K, committed 7424K, reserved 1048576K
}
Event: 104.389 GC heap before
{Heap before GC invocations=1316 (full 3):
 PSYoungGen      total 12800K, used 12291K [0x00000000d5580000, 0x00000000d6880000, 0x0000000100000000)
  eden space 6144K, 100% used [0x00000000d5580000,0x00000000d5b80000,0x00000000d5b80000)
  from space 6656K, 92% used [0x00000000d6200000,0x00000000d6800d48,0x00000000d6880000)
  to   space 6656K, 0% used [0x00000000d5b80000,0x00000000d5b80000,0x00000000d6200000)
 ParOldGen       total 597504K, used 597070K [0x0000000080000000, 0x00000000a4780000, 0x00000000d5580000)
  object space 597504K, 99% used [0x0000000080000000,0x00000000a47138d0,0x00000000a4780000)
 Metaspace       used 64458K, committed 65984K, reserved 1114112K
  class space    used 6767K, committed 7424K, reserved 1048576K
}

