# JRE version: OpenJDK Runtime Environment Temurin-21.0.8+9 (21.0.8+9) (build 21.0.8+9-LTS)
# Java VM: OpenJDK 64-Bit Server VM Temurin-21.0.8+9 (21.0.8+9-LTS, mixed mode, sharing, tiered, compressed oops, compressed class ptrs, parallel gc, windows-amd64)
GC Precious Log:
 CardTable entry size: 512
 CPUs: 2 total, 2 available
 Memory: 3839M
 Large Page Support: Disabled
 NUMA Support: Disabled
 Compressed Oops: Enabled (32-bit)
 Alignments: Space 512K, Generation 512K, Heap 2M
 Heap Min Capacity: 100M
 Heap Initial Capacity: 100M
 Heap Max Capacity: 2G
 Pre-touch: Disabled
 Parallel Workers: 2
Heap:
 PSYoungGen      total 4096K, used 4092K [0x00000000d5580000, 0x00000000d6100000, 0x0000000100000000)
  eden space 2560K, 100% used [0x00000000d5580000,0x00000000d5800000,0x00000000d5800000)
  from space 1536K, 99% used [0x00000000d5800000,0x00000000d597f0f8,0x00000000d5980000)
  to   space 4608K, 55% used [0x00000000d5c80000,0x00000000d5f00000,0x00000000d6100000)
 ParOldGen       total 523264K, used 522905K [0x0000000080000000, 0x000000009ff00000, 0x00000000d5580000)
  object space 523264K, 99% used [0x0000000080000000,0x000000009fea6760,0x000000009ff00000)
 Metaspace       used 76665K, committed 78272K, reserved 1179648K
  class space    used 7816K, committed 8512K, reserved 1048576K
GC Heap History (20 events):
Event: 300.827 GC heap after
{Heap after GC invocations=1993 (full 6):
 PSYoungGen      total 2560K, used 996K [0x00000000d5580000, 0x00000000d5b00000, 0x0000000100000000)
  eden space 1536K, 0% used [0x00000000d5580000,0x00000000d5580000,0x00000000d5700000)
  from space 1024K, 97% used [0x00000000d5780000,0x00000000d58790e0,0x00000000d5880000)
  to   space 2048K, 0% used [0x00000000d5900000,0x00000000d5900000,0x00000000d5b00000)
 ParOldGen       total 510976K, used 510766K [0x0000000080000000, 0x000000009f300000, 0x00000000d5580000)
  object space 510976K, 99% used [0x0000000080000000,0x000000009f2cb940,0x000000009f300000)
 Metaspace       used 76659K, committed 78272K, reserved 1179648K
  class space    used 7816K, committed 8512K, reserved 1048576K
}
Event: 300.840 GC heap before
{Heap before GC invocations=1994 (full 6):
 PSYoungGen      total 2560K, used 2532K [0x00000000d5580000, 0x00000000d5b00000, 0x0000000100000000)
  eden space 1536K, 100% used [0x00000000d5580000,0x00000000d5700000,0x00000000d5700000)
  from space 1024K, 97% used [0x00000000d5780000,0x00000000d58790e0,0x00000000d5880000)
  to   space 2048K, 0% used [0x00000000d5900000,0x00000000d5900000,0x00000000d5b00000)
 ParOldGen       total 510976K, used 510766K [0x0000000080000000, 0x000000009f300000, 0x00000000d5580000)
  object space 510976K, 99% used [0x0000000080000000,0x000000009f2cb940,0x000000009f300000)
 Metaspace       used 76659K, committed 78272K, reserved 1179648K
  class space    used 7816K, committed 8512K, reserved 1048576K
}
Event: 300.848 GC heap after
{Heap after GC invocations=1994 (full 6):
 PSYoungGen      total 3584K, used 1504K [0x00000000d5580000, 0x00000000d5b80000, 0x0000000100000000)
  eden space 1536K, 0% used [0x00000000d5580000,0x00000000d5580000,0x00000000d5700000)
  from space 2048K, 73% used [0x00000000d5900000,0x00000000d5a78000,0x00000000d5b00000)
  to   space 2048K, 0% used [0x00000000d5700000,0x00000000d5700000,0x00000000d5900000)
 ParOldGen       total 512000K, used 511738K [0x0000000080000000, 0x000000009f400000, 0x00000000d5580000)
  object space 512000K, 99% used [0x0000000080000000,0x000000009f3be988,0x000000009f400000)
 Metaspace       used 76659K, committed 78272K, reserved 1179648K
  class space    used 7816K, committed 8512K, reserved 1048576K
}
Event: 300.866 GC heap before
{Heap before GC invocations=1995 (full 6):
 PSYoungGen      total 3584K, used 3040K [0x00000000d5580000, 0x00000000d5b80000, 0x0000000100000000)
  eden space 1536K, 100% used [0x00000000d5580000,0x00000000d5700000,0x00000000d5700000)
  from space 2048K, 73% used [0x00000000d5900000,0x00000000d5a78000,0x00000000d5b00000)
  to   space 2048K, 0% used [0x00000000d5700000,0x00000000d5700000,0x00000000d5900000)
 ParOldGen       total 512000K, used 511738K [0x0000000080000000, 0x000000009f400000, 0x00000000d5580000)
  object space 512000K, 99% used [0x0000000080000000,0x000000009f3be988,0x000000009f400000)
 Metaspace       used 76659K, committed 78272K, reserved 1179648K
  class space    used 7816K, committed 8512K, reserved 1048576K
}
Event: 300.873 GC heap after
{Heap after GC invocations=1995 (full 6):
 PSYoungGen      total 3584K, used 1536K [0x00000000d5580000, 0x00000000d5b80000, 0x0000000100000000)
  eden space 1536K, 0% used [0x00000000d5580000,0x00000000d5580000,0x00000000d5700000)
  from space 2048K, 75% used [0x00000000d5700000,0x00000000d5880000,0x00000000d5900000)
  to   space 2048K, 0% used [0x00000000d5980000,0x00000000d5980000,0x00000000d5b80000)
 ParOldGen       total 513536K, used 513242K [0x0000000080000000, 0x000000009f580000, 0x00000000d5580000)
  object space 513536K, 99% used [0x0000000080000000,0x000000009f536988,0x000000009f580000)
 Metaspace       used 76659K, committed 78272K, reserved 1179648K
  class space    used 7816K, committed 8512K, reserved 1048576K
}
Event: 300.892 GC heap before
{Heap before GC invocations=1996 (full 6):
 PSYoungGen      total 3584K, used 3072K [0x00000000d5580000, 0x00000000d5b80000, 0x0000000100000000)
  eden space 1536K, 100% used [0x00000000d5580000,0x00000000d5700000,0x00000000d5700000)
  from space 2048K, 75% used [0x00000000d5700000,0x00000000d5880000,0x00000000d5900000)
  to   space 2048K, 0% used [0x00000000d5980000,0x00000000d5980000,0x00000000d5b80000)
 ParOldGen       total 513536K, used 513242K [0x0000000080000000, 0x000000009f580000, 0x00000000d5580000)
  object space 513536K, 99% used [0x0000000080000000,0x000000009f536988,0x000000009f580000)
 Metaspace       used 76659K, committed 78272K, reserved 1179648K
  class space    used 7816K, committed 8512K, reserved 1048576K
}
Event: 300.900 GC heap after
{Heap after GC invocations=1996 (full 6):
 PSYoungGen      total 3584K, used 1477K [0x00000000d5580000, 0x00000000d5b00000, 0x0000000100000000)
  eden space 2048K, 0% used [0x00000000d5580000,0x00000000d5580000,0x00000000d5780000)
  from space 1536K, 96% used [0x00000000d5980000,0x00000000d5af1538,0x00000000d5b00000)
  to   space 1536K, 0% used [0x00000000d5800000,0x00000000d5800000,0x00000000d5980000)
 ParOldGen       total 515072K, used 514754K [0x0000000080000000, 0x000000009f700000, 0x00000000d5580000)
  object space 515072K, 99% used [0x0000000080000000,0x000000009f6b0988,0x000000009f700000)
 Metaspace       used 76659K, committed 78272K, reserved 1179648K
  class space    used 7816K, committed 8512K, reserved 1048576K
}
Event: 300.918 GC heap before
{Heap before GC invocations=1997 (full 6):
 PSYoungGen      total 3584K, used 3353K [0x00000000d5580000, 0x00000000d5b00000, 0x0000000100000000)
  eden space 2048K, 91% used [0x00000000d5580000,0x00000000d57550e8,0x00000000d5780000)
  from space 1536K, 96% used [0x00000000d5980000,0x00000000d5af1538,0x00000000d5b00000)
  to   space 1536K, 0% used [0x00000000d5800000,0x00000000d5800000,0x00000000d5980000)
 ParOldGen       total 515072K, used 514754K [0x0000000080000000, 0x000000009f700000, 0x00000000d5580000)
  object space 515072K, 99% used [0x0000000080000000,0x000000009f6b0988,0x000000009f700000)
 Metaspace       used 76659K, committed 78272K, reserved 1179648K
  class space    used 7816K, committed 8512K, reserved 1048576K
}
Event: 300.924 GC heap after
{Heap after GC invocations=1997 (full 6):
 PSYoungGen      total 4096K, used 1506K [0x00000000d5580000, 0x00000000d5b00000, 0x0000000100000000)
  eden space 2560K, 0% used [0x00000000d5580000,0x00000000d5580000,0x00000000d5800000)
  from space 1536K, 98% used [0x00000000d5800000,0x00000000d5978a20,0x00000000d5980000)
  to   space 1536K, 0% used [0x00000000d5980000,0x00000000d5980000,0x00000000d5b00000)
 ParOldGen       total 516608K, used 516217K [0x0000000080000000, 0x000000009f880000, 0x00000000d5580000)
  object space 516608K, 99% used [0x0000000080000000,0x000000009f81e458,0x000000009f880000)
 Metaspace       used 76659K, committed 78272K, reserved 1179648K
  class space    used 7816K, committed 8512K, reserved 1048576K
}
Event: 300.953 GC heap before
{Heap before GC invocations=1998 (full 6):
 PSYoungGen      total 4096K, used 3923K [0x00000000d5580000, 0x00000000d5b00000, 0x0000000100000000)
  eden space 2560K, 94% used [0x00000000d5580000,0x00000000d57dc318,0x00000000d5800000)
  from space 1536K, 98% used [0x00000000d5800000,0x00000000d5978a20,0x00000000d5980000)
  to   space 1536K, 0% used [0x00000000d5980000,0x00000000d5980000,0x00000000d5b00000)
 ParOldGen       total 516608K, used 516217K [0x0000000080000000, 0x000000009f880000, 0x00000000d5580000)
  object space 516608K, 99% used [0x0000000080000000,0x000000009f81e458,0x000000009f880000)
 Metaspace       used 76659K, committed 78272K, reserved 1179648K
  class space    used 7816K, committed 8512K, reserved 1048576K
}
Event: 300.959 GC heap after
{Heap after GC invocations=1998 (full 6):
 PSYoungGen      total 4096K, used 1360K [0x00000000d5580000, 0x00000000d5b80000, 0x0000000100000000)
  eden space 2560K, 0% used [0x00000000d5580000,0x00000000d5580000,0x00000000d5800000)
  from space 1536K, 88% used [0x00000000d5980000,0x00000000d5ad4000,0x00000000d5b00000)
  to   space 1536K, 0% used [0x00000000d5800000,0x00000000d5800000,0x00000000d5980000)
 ParOldGen       total 517632K, used 517533K [0x0000000080000000, 0x000000009f980000, 0x00000000d5580000)
  object space 517632K, 99% used [0x0000000080000000,0x000000009f967668,0x000000009f980000)
 Metaspace       used 76659K, committed 78272K, reserved 1179648K
  class space    used 7816K, committed 8512K, reserved 1048576K
}
Event: 301.309 GC heap before
{Heap before GC invocations=1999 (full 6):
 PSYoungGen      total 4096K, used 3277K [0x00000000d5580000, 0x00000000d5b80000, 0x0000000100000000)
  eden space 2560K, 74% used [0x00000000d5580000,0x00000000d575f5d8,0x00000000d5800000)
  from space 1536K, 88% used [0x00000000d5980000,0x00000000d5ad4000,0x00000000d5b00000)
  to   space 1536K, 0% used [0x00000000d5800000,0x00000000d5800000,0x00000000d5980000)
 ParOldGen       total 517632K, used 517533K [0x0000000080000000, 0x000000009f980000, 0x00000000d5580000)
  object space 517632K, 99% used [0x0000000080000000,0x000000009f967668,0x000000009f980000)
 Metaspace       used 76659K, committed 78272K, reserved 1179648K
  class space    used 7816K, committed 8512K, reserved 1048576K
}
Event: 301.319 GC heap after
{Heap after GC invocations=1999 (full 6):
 PSYoungGen      total 4096K, used 1128K [0x00000000d5580000, 0x00000000d5b80000, 0x0000000100000000)
  eden space 2560K, 0% used [0x00000000d5580000,0x00000000d5580000,0x00000000d5800000)
  from space 1536K, 73% used [0x00000000d5800000,0x00000000d591a000,0x00000000d5980000)
  to   space 1536K, 0% used [0x00000000d5a00000,0x00000000d5a00000,0x00000000d5b80000)
 ParOldGen       total 519680K, used 519237K [0x0000000080000000, 0x000000009fb80000, 0x00000000d5580000)
  object space 519680K, 99% used [0x0000000080000000,0x000000009fb11668,0x000000009fb80000)
 Metaspace       used 76659K, committed 78272K, reserved 1179648K
  class space    used 7816K, committed 8512K, reserved 1048576K
}
Event: 301.428 GC heap before
{Heap before GC invocations=2000 (full 6):
 PSYoungGen      total 4096K, used 3688K [0x00000000d5580000, 0x00000000d5b80000, 0x0000000100000000)
  eden space 2560K, 100% used [0x00000000d5580000,0x00000000d5800000,0x00000000d5800000)
  from space 1536K, 73% used [0x00000000d5800000,0x00000000d591a000,0x00000000d5980000)
  to   space 1536K, 0% used [0x00000000d5a00000,0x00000000d5a00000,0x00000000d5b80000)
 ParOldGen       total 519680K, used 519237K [0x0000000080000000, 0x000000009fb80000, 0x00000000d5580000)
  object space 519680K, 99% used [0x0000000080000000,0x000000009fb11668,0x000000009fb80000)
 Metaspace       used 76665K, committed 78272K, reserved 1179648K
  class space    used 7816K, committed 8512K, reserved 1048576K
}
Event: 301.438 GC heap after
{Heap after GC invocations=2000 (full 6):
 PSYoungGen      total 4096K, used 1328K [0x00000000d5580000, 0x00000000d5b80000, 0x0000000100000000)
  eden space 2560K, 0% used [0x00000000d5580000,0x00000000d5580000,0x00000000d5800000)
  from space 1536K, 86% used [0x00000000d5a00000,0x00000000d5b4c000,0x00000000d5b80000)
  to   space 1536K, 0% used [0x00000000d5800000,0x00000000d5800000,0x00000000d5980000)
 ParOldGen       total 520192K, used 519941K [0x0000000080000000, 0x000000009fc00000, 0x00000000d5580000)
  object space 520192K, 99% used [0x0000000080000000,0x000000009fbc1668,0x000000009fc00000)
 Metaspace       used 76665K, committed 78272K, reserved 1179648K
  class space    used 7816K, committed 8512K, reserved 1048576K
}
Event: 301.690 GC heap before
{Heap before GC invocations=2001 (full 6):
 PSYoungGen      total 4096K, used 3888K [0x00000000d5580000, 0x00000000d5b80000, 0x0000000100000000)
  eden space 2560K, 100% used [0x00000000d5580000,0x00000000d5800000,0x00000000d5800000)
  from space 1536K, 86% used [0x00000000d5a00000,0x00000000d5b4c000,0x00000000d5b80000)
  to   space 1536K, 0% used [0x00000000d5800000,0x00000000d5800000,0x00000000d5980000)
 ParOldGen       total 520192K, used 519941K [0x0000000080000000, 0x000000009fc00000, 0x00000000d5580000)
  object space 520192K, 99% used [0x0000000080000000,0x000000009fbc1668,0x000000009fc00000)
 Metaspace       used 76665K, committed 78272K, reserved 1179648K
  class space    used 7816K, committed 8512K, reserved 1048576K
}
Event: 301.700 GC heap after
{Heap after GC invocations=2001 (full 6):
 PSYoungGen      total 4096K, used 1532K [0x00000000d5580000, 0x00000000d6100000, 0x0000000100000000)
  eden space 2560K, 0% used [0x00000000d5580000,0x00000000d5580000,0x00000000d5800000)
  from space 1536K, 99% used [0x00000000d5800000,0x00000000d597f0f8,0x00000000d5980000)
  to   space 4608K, 0% used [0x00000000d5c80000,0x00000000d5c80000,0x00000000d6100000)
 ParOldGen       total 522752K, used 522241K [0x0000000080000000, 0x000000009fe80000, 0x00000000d5580000)
  object space 522752K, 99% used [0x0000000080000000,0x000000009fe00760,0x000000009fe80000)
 Metaspace       used 76665K, committed 78272K, reserved 1179648K
  class space    used 7816K, committed 8512K, reserved 1048576K
}
Event: 301.715 GC heap before
{Heap before GC invocations=2002 (full 6):
 PSYoungGen      total 4096K, used 4092K [0x00000000d5580000, 0x00000000d6100000, 0x0000000100000000)
  eden space 2560K, 100% used [0x00000000d5580000,0x00000000d5800000,0x00000000d5800000)
  from space 1536K, 99% used [0x00000000d5800000,0x00000000d597f0f8,0x00000000d5980000)
  to   space 4608K, 0% used [0x00000000d5c80000,0x00000000d5c80000,0x00000000d6100000)
 ParOldGen       total 522752K, used 522241K [0x0000000080000000, 0x000000009fe80000, 0x00000000d5580000)
  object space 522752K, 99% used [0x0000000080000000,0x000000009fe00760,0x000000009fe80000)
 Metaspace       used 76665K, committed 78272K, reserved 1179648K
  class space    used 7816K, committed 8512K, reserved 1048576K
}
Event: 301.724 GC heap after
{Heap after GC invocations=2002 (full 6):
 PSYoungGen      total 4096K, used 4092K [0x00000000d5580000, 0x00000000d6100000, 0x0000000100000000)
  eden space 2560K, 100% used [0x00000000d5580000,0x00000000d5800000,0x00000000d5800000)
  from space 1536K, 99% used [0x00000000d5800000,0x00000000d597f0f8,0x00000000d5980000)
  to   space 4608K, 55% used [0x00000000d5c80000,0x00000000d5f00000,0x00000000d6100000)
 ParOldGen       total 523264K, used 522905K [0x0000000080000000, 0x000000009ff00000, 0x00000000d5580000)
  object space 523264K, 99% used [0x0000000080000000,0x000000009fea6760,0x000000009ff00000)
 Metaspace       used 76665K, committed 78272K, reserved 1179648K
  class space    used 7816K, committed 8512K, reserved 1048576K
}
Event: 301.724 GC heap before
{Heap before GC invocations=2003 (full 7):
 PSYoungGen      total 4096K, used 4092K [0x00000000d5580000, 0x00000000d6100000, 0x0000000100000000)
  eden space 2560K, 100% used [0x00000000d5580000,0x00000000d5800000,0x00000000d5800000)
  from space 1536K, 99% used [0x00000000d5800000,0x00000000d597f0f8,0x00000000d5980000)
  to   space 4608K, 55% used [0x00000000d5c80000,0x00000000d5f00000,0x00000000d6100000)
 ParOldGen       total 523264K, used 522905K [0x0000000080000000, 0x000000009ff00000, 0x00000000d5580000)
  object space 523264K, 99% used [0x0000000080000000,0x000000009fea6760,0x000000009ff00000)
 Metaspace       used 76665K, committed 78272K, reserved 1179648K
  class space    used 7816K, committed 8512K, reserved 1048576K
}

